A51 MACRO ASSEMBLER  MAIN                                                                 11/08/2016 16:27:18 PAGE     1


MACRO ASSEMBLER A51 V8.2.5.0
OBJECT MODULE PLACED IN MAIN.OBJ
ASSEMBLER INVOKED BY: C:\Keil_v5\C51\BIN\A51.exe D:\projects\C51\asmpr\8\MAIN.A51 DEBUG SYMBOLS OBJECT(MAIN.OBJ) 

LOC  OBJ            LINE     SOURCE

0000                   1           ORG 0000

0000                   2     MAIN:      

0000 900089            3           MOV DPTR,#TAB

                       4               

0003 759000            5     JUDX: MOV P1,#00H

0006 D290              6           SETB P1.0

0008 1173              7           CALL DELAY10MS

000A E590              8           MOV A,P1

000C 54F0              9           ANL A,#11110000B

000E B4002B           10           CJNE A,#00H,JUDY1

0011 C290             11           CLR P1.0

                      12           

0013 D291             13           SETB P1.1

0015 1173             14           CALL DELAY10MS

0017 E590             15           MOV A,P1

0019 54F0             16           ANL A,#11110000B

001B B40023           17           CJNE A,#00H,JUDY2

001E C291             18           CLR P1.1

                      19           

0020 D292             20           SETB P1.2

0022 1173             21           CALL DELAY10MS

0024 E590             22           MOV A,P1

0026 54F0             23           ANL A,#11110000B

0028 B4001B           24           CJNE A,#00H,JUDY3

002B C292             25           CLR P1.2

                      26           

002D D293             27           SETB P1.3

002F 1173             28           CALL DELAY10MS

0031 E590             29           MOV A,P1

0033 54F0             30           ANL A,#11110000B

0035 B40013           31           CJNE A,#00H,JUDY4

0038 C293             32           CLR P1.3

                      33           

003A 80C7             34           JMP JUDX

                      35           

003C                  36     JUDY1:

003C F8               37           MOV R0,A

003D 7400             38           MOV A,#0

003F 800F             39           JMP Y1

0041                  40     JUDY2:

0041 F8               41           MOV R0,A

0042 7404             42           MOV A,#4

0044 800A             43           JMP Y1

0046                  44     JUDY3:

0046 F8               45           MOV R0,A

0047 7408             46           MOV A,#8

0049 8005             47           JMP Y1

004B                  48     JUDY4:

004B F8               49           MOV R0,A

004C 740C             50           MOV A,#0CH

004E 8000             51           JMP Y1

0050 B81004           52     Y1:   CJNE R0,#10H,Y2

0053 2400             53           ADD A,#0

0055 8017             54           JMP CHG

0057 B82004           55     Y2:   CJNE R0,#20H,Y3

005A 2401             56           ADD A,#1

005C 8010             57           JMP CHG

005E B84004           58     Y3:   CJNE R0,#40H,Y4

A51 MACRO ASSEMBLER  MAIN                                                                 11/08/2016 16:27:18 PAGE     2

0061 2402             59           ADD A,#2

0063 8009             60           JMP CHG

0065 B88004           61     Y4:   CJNE R0,#80H,err

0068 2403             62           ADD A,#3

006A 8002             63           JMP CHG

                      64         

006C 80FE             65     err:  jmp $

006E                  66     CHG:

006E 93               67           MOVC A,@A+DPTR

006F F5B0             68           MOV P3,A  

0071 8090             69           JMP JUDX

0073                  70     DELAY10MS:                      ;@12.000MHz

0073 00               71             NOP

0074 C030             72             PUSH 30H

0076 C031             73             PUSH 31H

0078 75305E           74             MOV 30H,#94

007B 75315D           75             MOV 31H,#93

007E                  76     NEXT:

007E D531FD           77             DJNZ 31H,NEXT

0081 D530FA           78             DJNZ 30H,NEXT

0084 D031             79             POP 31H

0086 D030             80             POP 30H

0088 22               81             RET

0089 3F065B4F         82           TAB:      DB 03FH,006H,05BH,04FH,066H,06DH,07DH,007H,07FH,06FH,077H,07CH,039H,05EH,07
                             9H,071H

008D 666D7D07                
0091 7F6F777C                
0095 395E7971                
                      83           END

A51 MACRO ASSEMBLER  MAIN                                                                 11/08/2016 16:27:18 PAGE     3

SYMBOL TABLE LISTING
------ ----- -------


N A M E             T Y P E  V A L U E   ATTRIBUTES

CHG. . . . . . . .  C ADDR   006EH   A   
DELAY10MS. . . . .  C ADDR   0073H   A   
ERR. . . . . . . .  C ADDR   006CH   A   
JUDX . . . . . . .  C ADDR   0003H   A   
JUDY1. . . . . . .  C ADDR   003CH   A   
JUDY2. . . . . . .  C ADDR   0041H   A   
JUDY3. . . . . . .  C ADDR   0046H   A   
JUDY4. . . . . . .  C ADDR   004BH   A   
MAIN . . . . . . .  C ADDR   0000H   A   
NEXT . . . . . . .  C ADDR   007EH   A   
P1 . . . . . . . .  D ADDR   0090H   A   
P3 . . . . . . . .  D ADDR   00B0H   A   
TAB. . . . . . . .  C ADDR   0089H   A   
Y1 . . . . . . . .  C ADDR   0050H   A   
Y2 . . . . . . . .  C ADDR   0057H   A   
Y3 . . . . . . . .  C ADDR   005EH   A   
Y4 . . . . . . . .  C ADDR   0065H   A   


REGISTER BANK(S) USED: 0 


ASSEMBLY COMPLETE.  0 WARNING(S), 0 ERROR(S)
